<?xml version="1.0" encoding="UTF-8"?>
<testsuite name="duck.whistle.DuckWhistlerTest" tests="1" skipped="0" failures="0" errors="0" timestamp="2022-01-05T13:35:44" hostname="kakaoui-MacBookPro.local" time="0.018">
  <properties/>
  <testcase name="whistle()" classname="duck.whistle.DuckWhistlerTest" time="0.018"/>
  <system-out><![CDATA[꽥꽥
조용~
삑삑
]]></system-out>
  <system-err><![CDATA[]]></system-err>
</testsuite>
