<?xml version="1.0" encoding="UTF-8"?>
<testsuite name="TestTest" tests="1" skipped="0" failures="0" errors="0" timestamp="2022-01-05T11:38:12" hostname="kakaoui-MacBookPro.local" time="0.013">
  <properties/>
  <testcase name="test()" classname="TestTest" time="0.013"/>
  <system-out><![CDATA[1
]]></system-out>
  <system-err><![CDATA[]]></system-err>
</testsuite>
